{"timestamp": "2025-06-28T20:41:40.749928", "level": "INFO", "service": "database", "message": "Sample log message 594", "response_time": 319}
{"timestamp": "2025-06-28T20:41:41.570616", "level": "ERROR", "service": "web-server", "message": "Sample log message 563", "response_time": 486}
{"timestamp": "2025-06-28T20:41:43.424668", "level": "ERROR", "service": "auth-service", "message": "Sample log message 419", "response_time": 318}
{"timestamp": "2025-06-28T20:41:45.161548", "level": "INFO", "service": "auth-service", "message": "Sample log message 929", "response_time": 317}
{"timestamp": "2025-06-28T20:41:46.840478", "level": "DEBUG", "service": "auth-service", "message": "Sample log message 8", "response_time": 345}
{"timestamp": "2025-06-28T20:41:47.870978", "level": "WARN", "service": "web-server", "message": "Sample log message 216", "response_time": 396}
{"timestamp": "2025-06-28T20:41:49.763183", "level": "INFO", "service": "auth-service", "message": "Sample log message 918", "response_time": 427}
{"timestamp": "2025-06-28T20:41:50.674427", "level": "INFO", "service": "cache", "message": "Sample log message 3", "response_time": 250}
{"timestamp": "2025-06-28T20:41:51.988724", "level": "WARN", "service": "web-server", "message": "Sample log message 428", "response_time": 156}
{"timestamp": "2025-06-28T20:41:53.014909", "level": "ERROR", "service": "database", "message": "Sample log message 375", "response_time": 395}
{"timestamp": "2025-06-28T20:41:54.199998", "level": "DEBUG", "service": "cache", "message": "Sample log message 667", "response_time": 63}
{"timestamp": "2025-06-28T20:41:55.103742", "level": "INFO", "service": "auth-service", "message": "Sample log message 856", "response_time": 329}
{"timestamp": "2025-06-28T20:41:56.589451", "level": "WARN", "service": "cache", "message": "Sample log message 113", "response_time": 434}
{"timestamp": "2025-06-28T20:41:57.470837", "level": "WARN", "service": "auth-service", "message": "Sample log message 426", "response_time": 466}
{"timestamp": "2025-06-28T20:41:58.382271", "level": "INFO", "service": "web-server", "message": "Sample log message 204", "response_time": 440}
{"timestamp": "2025-06-28T20:41:59.437778", "level": "WARN", "service": "web-server", "message": "Sample log message 36", "response_time": 393}
{"timestamp": "2025-06-28T20:41:59.942529", "level": "INFO", "service": "auth-service", "message": "Sample log message 239", "response_time": 485}
{"timestamp": "2025-06-28T20:42:00.761502", "level": "DEBUG", "service": "cache", "message": "Sample log message 5", "response_time": 105}
{"timestamp": "2025-06-28T20:42:02.227377", "level": "DEBUG", "service": "auth-service", "message": "Sample log message 481", "response_time": 270}
{"timestamp": "2025-06-28T20:42:04.117466", "level": "WARN", "service": "database", "message": "Sample log message 736", "response_time": 43}
{"timestamp": "2025-06-28T20:42:05.285608", "level": "WARN", "service": "web-server", "message": "Sample log message 59", "response_time": 224}
{"timestamp": "2025-06-28T20:42:06.962834", "level": "INFO", "service": "auth-service", "message": "Sample log message 29", "response_time": 337}
{"timestamp": "2025-06-28T20:42:08.491976", "level": "DEBUG", "service": "auth-service", "message": "Sample log message 373", "response_time": 454}
{"timestamp": "2025-06-28T20:42:10.481883", "level": "INFO", "service": "web-server", "message": "Sample log message 396", "response_time": 404}
{"timestamp": "2025-06-28T20:42:11.065239", "level": "INFO", "service": "cache", "message": "Sample log message 171", "response_time": 367}
{"timestamp": "2025-06-28T20:42:11.802020", "level": "INFO", "service": "cache", "message": "Sample log message 910", "response_time": 352}
{"timestamp": "2025-06-28T20:42:13.626429", "level": "ERROR", "service": "database", "message": "Sample log message 906", "response_time": 363}
{"timestamp": "2025-06-28T20:42:15.598911", "level": "DEBUG", "service": "cache", "message": "Sample log message 916", "response_time": 274}
{"timestamp": "2025-06-28T20:42:16.198437", "level": "ERROR", "service": "web-server", "message": "Sample log message 187", "response_time": 135}
{"timestamp": "2025-06-28T20:42:17.925145", "level": "WARN", "service": "cache", "message": "Sample log message 399", "response_time": 86}
{"timestamp": "2025-06-28T20:42:19.524920", "level": "DEBUG", "service": "cache", "message": "Sample log message 783", "response_time": 217}
{"timestamp": "2025-06-28T20:42:20.631034", "level": "WARN", "service": "database", "message": "Sample log message 608", "response_time": 457}
{"timestamp": "2025-06-28T20:42:22.035706", "level": "WARN", "service": "database", "message": "Sample log message 798", "response_time": 144}
{"timestamp": "2025-06-28T20:42:23.161165", "level": "INFO", "service": "web-server", "message": "Sample log message 828", "response_time": 185}
{"timestamp": "2025-06-28T20:42:25.123888", "level": "INFO", "service": "auth-service", "message": "Sample log message 240", "response_time": 496}
{"timestamp": "2025-06-28T20:42:26.079157", "level": "DEBUG", "service": "auth-service", "message": "Sample log message 319", "response_time": 454}
{"timestamp": "2025-06-28T20:42:26.900283", "level": "WARN", "service": "auth-service", "message": "Sample log message 504", "response_time": 390}
{"timestamp": "2025-06-28T20:42:28.003934", "level": "WARN", "service": "database", "message": "Sample log message 846", "response_time": 425}
{"timestamp": "2025-06-28T20:42:28.760846", "level": "WARN", "service": "web-server", "message": "Sample log message 203", "response_time": 374}
{"timestamp": "2025-06-28T20:42:29.676015", "level": "ERROR", "service": "web-server", "message": "Sample log message 919", "response_time": 455}
{"timestamp": "2025-06-28T20:42:31.506418", "level": "ERROR", "service": "database", "message": "Sample log message 187", "response_time": 500}
{"timestamp": "2025-06-28T20:42:32.908058", "level": "DEBUG", "service": "web-server", "message": "Sample log message 771", "response_time": 183}
{"timestamp": "2025-06-28T20:42:33.679296", "level": "WARN", "service": "database", "message": "Sample log message 280", "response_time": 235}
{"timestamp": "2025-06-28T20:42:34.956225", "level": "ERROR", "service": "auth-service", "message": "Sample log message 77", "response_time": 205}
{"timestamp": "2025-06-28T20:42:36.462354", "level": "ERROR", "service": "cache", "message": "Sample log message 990", "response_time": 131}
{"timestamp": "2025-06-28T20:42:37.245149", "level": "WARN", "service": "auth-service", "message": "Sample log message 93", "response_time": 306}
{"timestamp": "2025-06-28T20:42:38.496273", "level": "DEBUG", "service": "auth-service", "message": "Sample log message 38", "response_time": 237}
{"timestamp": "2025-06-28T20:42:39.547376", "level": "DEBUG", "service": "web-server", "message": "Sample log message 388", "response_time": 79}
{"timestamp": "2025-06-28T20:42:40.655241", "level": "DEBUG", "service": "database", "message": "Sample log message 64", "response_time": 363}
{"timestamp": "2025-06-28T20:42:42.278871", "level": "DEBUG", "service": "auth-service", "message": "Sample log message 845", "response_time": 389}
{"timestamp": "2025-06-28T20:42:42.918700", "level": "WARN", "service": "web-server", "message": "Sample log message 507", "response_time": 401}
{"timestamp": "2025-06-28T20:42:44.047320", "level": "DEBUG", "service": "web-server", "message": "Sample log message 751", "response_time": 443}
{"timestamp": "2025-06-28T20:42:44.707519", "level": "DEBUG", "service": "web-server", "message": "Sample log message 835", "response_time": 425}
{"timestamp": "2025-06-28T20:42:45.755864", "level": "DEBUG", "service": "database", "message": "Sample log message 793", "response_time": 271}
{"timestamp": "2025-06-28T20:42:47.482885", "level": "WARN", "service": "web-server", "message": "Sample log message 305", "response_time": 95}
{"timestamp": "2025-06-28T20:42:48.760201", "level": "INFO", "service": "auth-service", "message": "Sample log message 873", "response_time": 95}
{"timestamp": "2025-06-28T20:42:50.499566", "level": "DEBUG", "service": "database", "message": "Sample log message 845", "response_time": 498}
{"timestamp": "2025-06-28T20:42:51.538491", "level": "WARN", "service": "web-server", "message": "Sample log message 977", "response_time": 136}
{"timestamp": "2025-06-28T20:42:52.131008", "level": "WARN", "service": "web-server", "message": "Sample log message 253", "response_time": 486}
{"timestamp": "2025-06-28T20:42:52.804640", "level": "ERROR", "service": "web-server", "message": "Sample log message 876", "response_time": 236}
{"timestamp": "2025-06-28T20:42:54.633481", "level": "ERROR", "service": "web-server", "message": "Sample log message 854", "response_time": 258}
{"timestamp": "2025-06-28T20:42:56.519854", "level": "INFO", "service": "web-server", "message": "Sample log message 829", "response_time": 250}
{"timestamp": "2025-06-28T20:42:57.432280", "level": "DEBUG", "service": "web-server", "message": "Sample log message 771", "response_time": 350}
{"timestamp": "2025-06-28T20:42:58.043242", "level": "INFO", "service": "cache", "message": "Sample log message 625", "response_time": 426}
{"timestamp": "2025-06-28T20:42:59.220807", "level": "INFO", "service": "web-server", "message": "Sample log message 564", "response_time": 435}
{"timestamp": "2025-06-28T20:43:01.045803", "level": "DEBUG", "service": "auth-service", "message": "Sample log message 483", "response_time": 361}
{"timestamp": "2025-06-28T20:43:02.468854", "level": "ERROR", "service": "cache", "message": "Sample log message 534", "response_time": 301}
{"timestamp": "2025-06-28T20:43:03.419156", "level": "WARN", "service": "database", "message": "Sample log message 356", "response_time": 303}
{"timestamp": "2025-06-28T20:43:05.217603", "level": "WARN", "service": "database", "message": "Sample log message 387", "response_time": 359}
{"timestamp": "2025-06-28T20:43:05.922124", "level": "INFO", "service": "cache", "message": "Sample log message 598", "response_time": 330}
{"timestamp": "2025-06-28T20:43:07.661223", "level": "ERROR", "service": "web-server", "message": "Sample log message 839", "response_time": 329}
{"timestamp": "2025-06-28T20:43:08.848935", "level": "DEBUG", "service": "database", "message": "Sample log message 51", "response_time": 81}
{"timestamp": "2025-06-28T20:43:10.615658", "level": "DEBUG", "service": "database", "message": "Sample log message 272", "response_time": 450}
{"timestamp": "2025-06-28T20:43:12.417810", "level": "WARN", "service": "auth-service", "message": "Sample log message 343", "response_time": 289}
{"timestamp": "2025-06-28T20:43:13.736597", "level": "INFO", "service": "auth-service", "message": "Sample log message 573", "response_time": 234}
{"timestamp": "2025-06-28T20:43:15.142458", "level": "ERROR", "service": "web-server", "message": "Sample log message 476", "response_time": 412}
{"timestamp": "2025-06-28T20:43:15.883878", "level": "INFO", "service": "database", "message": "Sample log message 535", "response_time": 160}
{"timestamp": "2025-06-28T20:43:16.558294", "level": "INFO", "service": "auth-service", "message": "Sample log message 212", "response_time": 420}
{"timestamp": "2025-06-28T20:43:17.181549", "level": "DEBUG", "service": "web-server", "message": "Sample log message 428", "response_time": 304}
{"timestamp": "2025-06-28T20:43:18.647851", "level": "DEBUG", "service": "database", "message": "Sample log message 768", "response_time": 11}
{"timestamp": "2025-06-28T20:43:20.221962", "level": "DEBUG", "service": "cache", "message": "Sample log message 969", "response_time": 109}
{"timestamp": "2025-06-28T20:43:22.173927", "level": "INFO", "service": "web-server", "message": "Sample log message 867", "response_time": 44}
{"timestamp": "2025-06-28T20:43:23.215445", "level": "ERROR", "service": "auth-service", "message": "Sample log message 91", "response_time": 414}
{"timestamp": "2025-06-28T20:43:25.208762", "level": "DEBUG", "service": "cache", "message": "Sample log message 251", "response_time": 432}
{"timestamp": "2025-06-28T20:43:26.326862", "level": "INFO", "service": "database", "message": "Sample log message 74", "response_time": 62}
{"timestamp": "2025-06-28T20:43:27.677374", "level": "INFO", "service": "web-server", "message": "Sample log message 53", "response_time": 121}
{"timestamp": "2025-06-28T20:43:29.480028", "level": "ERROR", "service": "auth-service", "message": "Sample log message 841", "response_time": 341}
{"timestamp": "2025-06-28T20:43:31.063628", "level": "INFO", "service": "database", "message": "Sample log message 886", "response_time": 306}
{"timestamp": "2025-06-28T20:43:32.688615", "level": "WARN", "service": "database", "message": "Sample log message 418", "response_time": 158}
{"timestamp": "2025-06-28T20:43:33.440834", "level": "INFO", "service": "cache", "message": "Sample log message 115", "response_time": 232}
{"timestamp": "2025-06-28T20:43:35.372649", "level": "DEBUG", "service": "web-server", "message": "Sample log message 40", "response_time": 175}
{"timestamp": "2025-06-28T20:43:36.222875", "level": "DEBUG", "service": "database", "message": "Sample log message 781", "response_time": 224}
{"timestamp": "2025-06-28T20:43:37.267167", "level": "ERROR", "service": "cache", "message": "Sample log message 970", "response_time": 17}
{"timestamp": "2025-06-28T20:43:38.539446", "level": "WARN", "service": "cache", "message": "Sample log message 695", "response_time": 176}
{"timestamp": "2025-06-28T20:43:39.249480", "level": "DEBUG", "service": "cache", "message": "Sample log message 601", "response_time": 68}
{"timestamp": "2025-06-28T20:43:41.022620", "level": "INFO", "service": "auth-service", "message": "Sample log message 877", "response_time": 173}
{"timestamp": "2025-06-28T20:43:42.604068", "level": "DEBUG", "service": "web-server", "message": "Sample log message 843", "response_time": 93}
{"timestamp": "2025-06-28T20:43:43.937473", "level": "DEBUG", "service": "auth-service", "message": "Sample log message 507", "response_time": 139}
{"timestamp": "2025-06-28T20:43:45.855032", "level": "INFO", "service": "database", "message": "Sample log message 103", "response_time": 151}
{"timestamp": "2025-06-28T20:43:46.408537", "level": "INFO", "service": "web-server", "message": "Sample log message 365", "response_time": 359}
{"timestamp": "2025-06-28T20:43:47.399034", "level": "WARN", "service": "database", "message": "Sample log message 242", "response_time": 340}
{"timestamp": "2025-06-28T20:43:48.077668", "level": "INFO", "service": "database", "message": "Sample log message 365", "response_time": 336}
{"timestamp": "2025-06-28T20:43:49.009936", "level": "INFO", "service": "auth-service", "message": "Sample log message 973", "response_time": 45}
{"timestamp": "2025-06-28T20:43:50.472089", "level": "INFO", "service": "web-server", "message": "Sample log message 391", "response_time": 97}
{"timestamp": "2025-06-28T20:43:51.819437", "level": "WARN", "service": "web-server", "message": "Sample log message 145", "response_time": 31}
{"timestamp": "2025-06-28T20:43:53.707671", "level": "INFO", "service": "web-server", "message": "Sample log message 468", "response_time": 10}
{"timestamp": "2025-06-28T20:43:55.151018", "level": "WARN", "service": "auth-service", "message": "Sample log message 93", "response_time": 456}
{"timestamp": "2025-06-28T20:43:56.919771", "level": "DEBUG", "service": "database", "message": "Sample log message 961", "response_time": 35}
{"timestamp": "2025-06-28T20:43:58.158096", "level": "ERROR", "service": "web-server", "message": "Sample log message 375", "response_time": 36}
{"timestamp": "2025-06-28T20:43:59.139404", "level": "INFO", "service": "database", "message": "Sample log message 167", "response_time": 369}
{"timestamp": "2025-06-28T20:44:00.967317", "level": "DEBUG", "service": "web-server", "message": "Sample log message 464", "response_time": 379}
{"timestamp": "2025-06-28T20:44:02.613118", "level": "DEBUG", "service": "auth-service", "message": "Sample log message 253", "response_time": 11}
{"timestamp": "2025-06-28T20:44:03.458667", "level": "WARN", "service": "cache", "message": "Sample log message 18", "response_time": 192}
{"timestamp": "2025-06-28T20:44:05.257449", "level": "DEBUG", "service": "web-server", "message": "Sample log message 314", "response_time": 83}
{"timestamp": "2025-06-28T20:44:06.215553", "level": "WARN", "service": "web-server", "message": "Sample log message 965", "response_time": 356}
{"timestamp": "2025-06-28T20:44:07.193779", "level": "ERROR", "service": "auth-service", "message": "Sample log message 24", "response_time": 426}
{"timestamp": "2025-06-28T20:44:08.680619", "level": "WARN", "service": "cache", "message": "Sample log message 480", "response_time": 395}
{"timestamp": "2025-06-28T20:44:09.308616", "level": "DEBUG", "service": "web-server", "message": "Sample log message 822", "response_time": 475}
{"timestamp": "2025-06-28T20:44:10.819694", "level": "DEBUG", "service": "cache", "message": "Sample log message 878", "response_time": 13}
{"timestamp": "2025-06-28T20:44:12.727975", "level": "INFO", "service": "auth-service", "message": "Sample log message 911", "response_time": 238}
{"timestamp": "2025-06-28T20:44:13.501766", "level": "INFO", "service": "database", "message": "Sample log message 992", "response_time": 358}
{"timestamp": "2025-06-28T20:44:14.764766", "level": "ERROR", "service": "cache", "message": "Sample log message 404", "response_time": 282}
{"timestamp": "2025-06-28T20:44:15.609053", "level": "INFO", "service": "auth-service", "message": "Sample log message 13", "response_time": 21}
{"timestamp": "2025-06-28T20:44:17.461775", "level": "ERROR", "service": "cache", "message": "Sample log message 69", "response_time": 495}
{"timestamp": "2025-06-28T20:44:19.191847", "level": "DEBUG", "service": "cache", "message": "Sample log message 346", "response_time": 291}
{"timestamp": "2025-06-28T20:44:20.092258", "level": "ERROR", "service": "database", "message": "Sample log message 639", "response_time": 81}
{"timestamp": "2025-06-28T20:44:22.080431", "level": "DEBUG", "service": "auth-service", "message": "Sample log message 410", "response_time": 205}
{"timestamp": "2025-06-28T20:44:23.721888", "level": "DEBUG", "service": "auth-service", "message": "Sample log message 908", "response_time": 70}
{"timestamp": "2025-06-28T20:44:24.712145", "level": "WARN", "service": "cache", "message": "Sample log message 221", "response_time": 281}
{"timestamp": "2025-06-28T20:44:26.210264", "level": "INFO", "service": "auth-service", "message": "Sample log message 116", "response_time": 382}
{"timestamp": "2025-06-28T20:44:27.387517", "level": "DEBUG", "service": "web-server", "message": "Sample log message 674", "response_time": 287}
{"timestamp": "2025-06-28T20:44:29.312456", "level": "ERROR", "service": "cache", "message": "Sample log message 159", "response_time": 102}
{"timestamp": "2025-06-28T20:44:30.053282", "level": "WARN", "service": "auth-service", "message": "Sample log message 699", "response_time": 420}
{"timestamp": "2025-06-28T20:44:31.886249", "level": "DEBUG", "service": "cache", "message": "Sample log message 75", "response_time": 400}
{"timestamp": "2025-06-28T20:44:32.832953", "level": "ERROR", "service": "auth-service", "message": "Sample log message 662", "response_time": 177}
{"timestamp": "2025-06-28T20:44:33.412100", "level": "DEBUG", "service": "web-server", "message": "Sample log message 262", "response_time": 51}
{"timestamp": "2025-06-28T20:44:35.367910", "level": "DEBUG", "service": "web-server", "message": "Sample log message 313", "response_time": 330}
{"timestamp": "2025-06-28T20:44:37.350057", "level": "DEBUG", "service": "web-server", "message": "Sample log message 988", "response_time": 174}
{"timestamp": "2025-06-28T20:44:39.045079", "level": "DEBUG", "service": "database", "message": "Sample log message 786", "response_time": 362}
{"timestamp": "2025-06-28T20:44:40.958368", "level": "DEBUG", "service": "database", "message": "Sample log message 26", "response_time": 34}
{"timestamp": "2025-06-28T20:44:41.488900", "level": "ERROR", "service": "database", "message": "Sample log message 585", "response_time": 425}
{"timestamp": "2025-06-28T20:44:42.612519", "level": "DEBUG", "service": "web-server", "message": "Sample log message 562", "response_time": 450}
{"timestamp": "2025-06-28T20:44:43.289333", "level": "WARN", "service": "web-server", "message": "Sample log message 852", "response_time": 225}
{"timestamp": "2025-06-28T20:44:44.482237", "level": "DEBUG", "service": "web-server", "message": "Sample log message 338", "response_time": 268}
{"timestamp": "2025-06-28T20:44:46.053737", "level": "DEBUG", "service": "auth-service", "message": "Sample log message 854", "response_time": 269}
{"timestamp": "2025-06-28T20:44:47.085675", "level": "DEBUG", "service": "cache", "message": "Sample log message 559", "response_time": 335}
{"timestamp": "2025-06-28T20:44:47.663613", "level": "ERROR", "service": "web-server", "message": "Sample log message 992", "response_time": 311}
{"timestamp": "2025-06-28T20:44:49.359043", "level": "ERROR", "service": "cache", "message": "Sample log message 545", "response_time": 424}
{"timestamp": "2025-06-28T20:44:51.155805", "level": "ERROR", "service": "cache", "message": "Sample log message 503", "response_time": 82}
{"timestamp": "2025-06-28T20:44:52.306634", "level": "WARN", "service": "auth-service", "message": "Sample log message 455", "response_time": 214}
{"timestamp": "2025-06-28T20:44:53.800624", "level": "DEBUG", "service": "web-server", "message": "Sample log message 804", "response_time": 26}
{"timestamp": "2025-06-28T20:44:54.336799", "level": "WARN", "service": "web-server", "message": "Sample log message 572", "response_time": 267}
{"timestamp": "2025-06-28T20:44:55.025546", "level": "INFO", "service": "auth-service", "message": "Sample log message 858", "response_time": 60}
{"timestamp": "2025-06-28T20:44:55.883971", "level": "INFO", "service": "database", "message": "Sample log message 428", "response_time": 32}
{"timestamp": "2025-06-28T20:44:57.260264", "level": "DEBUG", "service": "auth-service", "message": "Sample log message 479", "response_time": 475}
{"timestamp": "2025-06-28T20:44:58.862152", "level": "INFO", "service": "cache", "message": "Sample log message 451", "response_time": 172}
{"timestamp": "2025-06-28T20:44:59.796529", "level": "DEBUG", "service": "database", "message": "Sample log message 168", "response_time": 439}
{"timestamp": "2025-06-28T20:45:00.939558", "level": "DEBUG", "service": "web-server", "message": "Sample log message 840", "response_time": 254}
{"timestamp": "2025-06-28T20:45:01.663443", "level": "ERROR", "service": "auth-service", "message": "Sample log message 545", "response_time": 43}
{"timestamp": "2025-06-28T20:45:02.510431", "level": "ERROR", "service": "database", "message": "Sample log message 206", "response_time": 198}
{"timestamp": "2025-06-28T20:45:03.053732", "level": "ERROR", "service": "auth-service", "message": "Sample log message 64", "response_time": 148}
{"timestamp": "2025-06-28T20:45:04.418733", "level": "DEBUG", "service": "web-server", "message": "Sample log message 475", "response_time": 432}
{"timestamp": "2025-06-28T20:45:05.088688", "level": "DEBUG", "service": "auth-service", "message": "Sample log message 108", "response_time": 491}
{"timestamp": "2025-06-28T20:45:06.811952", "level": "WARN", "service": "auth-service", "message": "Sample log message 260", "response_time": 340}
{"timestamp": "2025-06-28T20:45:07.638298", "level": "DEBUG", "service": "cache", "message": "Sample log message 200", "response_time": 445}
{"timestamp": "2025-06-28T20:45:09.180389", "level": "INFO", "service": "auth-service", "message": "Sample log message 548", "response_time": 470}
{"timestamp": "2025-06-28T20:45:10.949183", "level": "WARN", "service": "database", "message": "Sample log message 19", "response_time": 126}
{"timestamp": "2025-06-28T20:45:12.434412", "level": "WARN", "service": "auth-service", "message": "Sample log message 944", "response_time": 396}
{"timestamp": "2025-06-28T20:45:13.492211", "level": "INFO", "service": "web-server", "message": "Sample log message 405", "response_time": 272}
{"timestamp": "2025-06-28T20:45:14.131973", "level": "DEBUG", "service": "web-server", "message": "Sample log message 344", "response_time": 140}
{"timestamp": "2025-06-28T20:45:15.876803", "level": "ERROR", "service": "auth-service", "message": "Sample log message 60", "response_time": 357}
{"timestamp": "2025-06-28T20:45:17.599512", "level": "WARN", "service": "database", "message": "Sample log message 931", "response_time": 17}
{"timestamp": "2025-06-28T20:45:18.808910", "level": "WARN", "service": "web-server", "message": "Sample log message 852", "response_time": 207}
{"timestamp": "2025-06-28T20:45:19.446354", "level": "ERROR", "service": "cache", "message": "Sample log message 996", "response_time": 64}
{"timestamp": "2025-06-28T20:45:21.084094", "level": "WARN", "service": "web-server", "message": "Sample log message 723", "response_time": 285}
{"timestamp": "2025-06-28T20:45:22.937103", "level": "DEBUG", "service": "auth-service", "message": "Sample log message 285", "response_time": 282}
{"timestamp": "2025-06-28T20:45:23.977231", "level": "ERROR", "service": "web-server", "message": "Sample log message 354", "response_time": 385}
{"timestamp": "2025-06-28T20:45:25.647921", "level": "DEBUG", "service": "auth-service", "message": "Sample log message 181", "response_time": 162}
{"timestamp": "2025-06-28T20:45:26.295131", "level": "ERROR", "service": "database", "message": "Sample log message 288", "response_time": 88}
{"timestamp": "2025-06-28T20:45:27.244980", "level": "WARN", "service": "cache", "message": "Sample log message 899", "response_time": 29}
{"timestamp": "2025-06-28T20:45:28.143127", "level": "WARN", "service": "database", "message": "Sample log message 981", "response_time": 183}
{"timestamp": "2025-06-28T20:45:29.448523", "level": "WARN", "service": "web-server", "message": "Sample log message 346", "response_time": 135}
{"timestamp": "2025-06-28T20:45:30.595105", "level": "INFO", "service": "auth-service", "message": "Sample log message 57", "response_time": 35}
{"timestamp": "2025-06-28T20:45:32.335400", "level": "WARN", "service": "auth-service", "message": "Sample log message 840", "response_time": 456}
{"timestamp": "2025-06-28T20:45:34.086683", "level": "ERROR", "service": "cache", "message": "Sample log message 416", "response_time": 470}
{"timestamp": "2025-06-28T20:45:35.265929", "level": "WARN", "service": "auth-service", "message": "Sample log message 182", "response_time": 375}
{"timestamp": "2025-06-28T20:45:36.705504", "level": "DEBUG", "service": "auth-service", "message": "Sample log message 345", "response_time": 496}
{"timestamp": "2025-06-28T20:45:37.845042", "level": "INFO", "service": "auth-service", "message": "Sample log message 452", "response_time": 405}
{"timestamp": "2025-06-28T20:45:39.639053", "level": "INFO", "service": "auth-service", "message": "Sample log message 385", "response_time": 320}
{"timestamp": "2025-06-28T20:45:40.608769", "level": "ERROR", "service": "web-server", "message": "Sample log message 94", "response_time": 105}
{"timestamp": "2025-06-28T20:45:41.884326", "level": "INFO", "service": "web-server", "message": "Sample log message 573", "response_time": 62}
{"timestamp": "2025-06-28T20:45:42.857227", "level": "WARN", "service": "web-server", "message": "Sample log message 605", "response_time": 353}
{"timestamp": "2025-06-28T20:45:43.538935", "level": "ERROR", "service": "cache", "message": "Sample log message 896", "response_time": 234}
{"timestamp": "2025-06-28T20:45:45.427940", "level": "WARN", "service": "database", "message": "Sample log message 560", "response_time": 353}
{"timestamp": "2025-06-28T20:45:47.228722", "level": "DEBUG", "service": "web-server", "message": "Sample log message 723", "response_time": 420}
{"timestamp": "2025-06-28T20:45:48.022876", "level": "ERROR", "service": "cache", "message": "Sample log message 480", "response_time": 118}
{"timestamp": "2025-06-28T20:45:49.754871", "level": "INFO", "service": "database", "message": "Sample log message 900", "response_time": 425}
{"timestamp": "2025-06-28T20:45:50.613815", "level": "WARN", "service": "cache", "message": "Sample log message 764", "response_time": 403}
{"timestamp": "2025-06-28T20:45:51.711733", "level": "DEBUG", "service": "auth-service", "message": "Sample log message 521", "response_time": 70}
{"timestamp": "2025-06-28T20:45:52.216852", "level": "ERROR", "service": "web-server", "message": "Sample log message 169", "response_time": 424}
{"timestamp": "2025-06-28T20:45:53.395800", "level": "DEBUG", "service": "auth-service", "message": "Sample log message 653", "response_time": 175}
{"timestamp": "2025-06-28T20:45:55.044901", "level": "ERROR", "service": "cache", "message": "Sample log message 859", "response_time": 165}
{"timestamp": "2025-06-28T20:45:56.089082", "level": "INFO", "service": "auth-service", "message": "Sample log message 686", "response_time": 51}
{"timestamp": "2025-06-28T20:45:57.446733", "level": "INFO", "service": "auth-service", "message": "Sample log message 203", "response_time": 176}
{"timestamp": "2025-06-28T20:45:58.875884", "level": "DEBUG", "service": "database", "message": "Sample log message 654", "response_time": 99}
{"timestamp": "2025-06-28T20:45:59.531112", "level": "WARN", "service": "web-server", "message": "Sample log message 179", "response_time": 384}
{"timestamp": "2025-06-28T20:46:01.410617", "level": "DEBUG", "service": "web-server", "message": "Sample log message 709", "response_time": 85}
{"timestamp": "2025-06-28T20:46:02.087049", "level": "WARN", "service": "cache", "message": "Sample log message 762", "response_time": 50}
{"timestamp": "2025-06-28T20:46:03.490858", "level": "DEBUG", "service": "cache", "message": "Sample log message 167", "response_time": 259}
{"timestamp": "2025-06-28T20:46:04.346619", "level": "WARN", "service": "web-server", "message": "Sample log message 135", "response_time": 236}
{"timestamp": "2025-06-28T20:46:04.941820", "level": "INFO", "service": "auth-service", "message": "Sample log message 714", "response_time": 46}
{"timestamp": "2025-06-28T20:46:06.804036", "level": "INFO", "service": "cache", "message": "Sample log message 724", "response_time": 244}
{"timestamp": "2025-06-28T20:46:08.321390", "level": "INFO", "service": "database", "message": "Sample log message 712", "response_time": 341}
{"timestamp": "2025-06-28T20:46:09.279879", "level": "DEBUG", "service": "database", "message": "Sample log message 743", "response_time": 178}
{"timestamp": "2025-06-28T20:46:09.855830", "level": "INFO", "service": "auth-service", "message": "Sample log message 608", "response_time": 242}
{"timestamp": "2025-06-28T20:46:11.731854", "level": "ERROR", "service": "cache", "message": "Sample log message 415", "response_time": 244}
{"timestamp": "2025-06-28T20:46:13.338563", "level": "DEBUG", "service": "auth-service", "message": "Sample log message 889", "response_time": 103}
{"timestamp": "2025-06-28T20:46:13.881122", "level": "ERROR", "service": "web-server", "message": "Sample log message 574", "response_time": 155}
{"timestamp": "2025-06-28T20:46:15.425695", "level": "DEBUG", "service": "cache", "message": "Sample log message 998", "response_time": 472}
{"timestamp": "2025-06-28T20:46:17.349612", "level": "WARN", "service": "database", "message": "Sample log message 150", "response_time": 471}
{"timestamp": "2025-06-28T20:46:18.671373", "level": "DEBUG", "service": "cache", "message": "Sample log message 110", "response_time": 392}
{"timestamp": "2025-06-28T20:46:19.516484", "level": "INFO", "service": "auth-service", "message": "Sample log message 427", "response_time": 499}
{"timestamp": "2025-06-28T20:46:20.057429", "level": "ERROR", "service": "cache", "message": "Sample log message 244", "response_time": 286}
{"timestamp": "2025-06-28T20:46:21.803287", "level": "ERROR", "service": "web-server", "message": "Sample log message 188", "response_time": 91}
